Log file opened on Fri Jul 24 19:32:06 2020
Host: ajays-MacBook-Pro.local  pid: 14140  rank ID: 0  number of ranks:  1
                      :-) GROMACS - gmx mdrun, 2018.6 (-:

                            GROMACS is written by:
     Emile Apol      Rossen Apostolov      Paul Bauer     Herman J.C. Berendsen
    Par Bjelkmar    Aldert van Buuren   Rudi van Drunen     Anton Feenstra  
  Gerrit Groenhof    Aleksei Iupinov   Christoph Junghans   Anca Hamuraru   
 Vincent Hindriksen Dimitrios Karkoulis    Peter Kasson        Jiri Kraus    
  Carsten Kutzner      Per Larsson      Justin A. Lemkul    Viveca Lindahl  
  Magnus Lundborg   Pieter Meulenhoff    Erik Marklund      Teemu Murtola   
    Szilard Pall       Sander Pronk      Roland Schulz     Alexey Shvetsov  
   Michael Shirts     Alfons Sijbers     Peter Tieleman    Teemu Virolainen 
 Christian Wennberg    Maarten Wolf   
                           and the project leaders:
        Mark Abraham, Berk Hess, Erik Lindahl, and David van der Spoel

Copyright (c) 1991-2000, University of Groningen, The Netherlands.
Copyright (c) 2001-2017, The GROMACS development team at
Uppsala University, Stockholm University and
the Royal Institute of Technology, Sweden.
check out http://www.gromacs.org for more information.

GROMACS is free software; you can redistribute it and/or modify it
under the terms of the GNU Lesser General Public License
as published by the Free Software Foundation; either version 2.1
of the License, or (at your option) any later version.

GROMACS:      gmx mdrun, version 2018.6
Executable:   /Users/ajaymuralidharan/opt/miniconda2/envs/lugano-tutorials/bin/gmx
Data prefix:  /Users/ajaymuralidharan/opt/miniconda2/envs/lugano-tutorials
Working dir:  /Users/ajaymuralidharan/Box/Projects/Charmm-eef1sb/isdb-1/run
Command line:
  gmx mdrun -s em.tpr -table ../inp_files/table-eef1-coul.xvg -tablep ../inp_files/table-eef1-coul.xvg -plumed ../inp_files/plumed-eef1.dat

GROMACS version:    2018.6
Precision:          single
Memory model:       64 bit
MPI library:        none
OpenMP support:     enabled (GMX_OPENMP_MAX_THREADS = 64)
GPU support:        disabled
SIMD instructions:  SSE2
FFT library:        fftw-3.3.8-sse2-avx
RDTSCP usage:       disabled
TNG support:        enabled
Hwloc support:      disabled
Tracing support:    disabled
Built on:           2019-07-27 16:44:31
Built by:           travis@Traviss-Mac-80.local [CMAKE]
Build OS/arch:      Darwin 17.4.0 x86_64
Build CPU vendor:   Unknown
Build CPU brand:    Unknown
Build CPU family:   0   Model: 0   Stepping: 0
Build CPU features: Unknown
C compiler:         /Users/travis/opt/conda/conda-bld/gromacs_1564245637602/_build_env/bin/x86_64-apple-darwin13.4.0-clang Clang 4.0.1
C compiler flags:    -msse2   -march=core2 -mtune=haswell -mssse3 -ftree-vectorize -fPIC -fPIE -fstack-protector-strong -O2 -pipe -I/Users/ajaymuralidharan/opt/miniconda2/envs/lugano-tutorials/include -fdebug-prefix-map=/Users/travis/opt/conda/conda-bld/gromacs_1564245637602/work=/usr/local/src/conda/gromacs-2018.6 -fdebug-prefix-map=/Users/ajaymuralidharan/opt/miniconda2/envs/lugano-tutorials=/usr/local/src/conda-prefix  -O3 -DNDEBUG  
C++ compiler:       /Users/travis/opt/conda/conda-bld/gromacs_1564245637602/_build_env/bin/x86_64-apple-darwin13.4.0-clang++ Clang 4.0.1
C++ compiler flags:  -msse2   -march=core2 -mtune=haswell -mssse3 -ftree-vectorize -fPIC -fPIE -fstack-protector-strong -O2 -pipe -stdlib=libc++ -fvisibility-inlines-hidden -std=c++14 -fmessage-length=0 -I/Users/ajaymuralidharan/opt/miniconda2/envs/lugano-tutorials/include -fdebug-prefix-map=/Users/travis/opt/conda/conda-bld/gromacs_1564245637602/work=/usr/local/src/conda/gromacs-2018.6 -fdebug-prefix-map=/Users/ajaymuralidharan/opt/miniconda2/envs/lugano-tutorials=/usr/local/src/conda-prefix -std=c++11   -O3 -DNDEBUG  


Running on 1 node with total 4 cores, 4 logical cores
Hardware detected:
  CPU info:
    Vendor: Intel
    Brand:  Intel(R) Core(TM) i5-7360U CPU @ 2.30GHz
    Family: 6   Model: 142   Stepping: 9
    Features: aes apic avx avx2 clfsh cmov cx8 cx16 f16c fma hle htt intel lahf mmx msr nonstop_tsc pcid pclmuldq pdcm pdpe1gb popcnt pse rdrnd rdtscp rtm sse2 sse3 sse4.1 sse4.2 ssse3 tdt x2apic
  Hardware topology: Only logical processor count

Highest SIMD level requested by all nodes in run: AVX2_256
SIMD instructions selected at compile time:       SSE2
This program was compiled for different hardware than you are running on,
which could influence performance.
The current CPU can measure timings more accurately than the code in
gmx mdrun was configured to use. This might affect your simulation
speed as accurate timings are needed for load-balancing.
Please consider rebuilding gmx mdrun with the GMX_USE_RDTSCP=ON CMake option.

++++ PLEASE READ AND CITE THE FOLLOWING REFERENCE ++++
M. J. Abraham, T. Murtola, R. Schulz, S. Páll, J. C. Smith, B. Hess, E.
Lindahl
GROMACS: High performance molecular simulations through multi-level
parallelism from laptops to supercomputers
SoftwareX 1 (2015) pp. 19-25
-------- -------- --- Thank You --- -------- --------


++++ PLEASE READ AND CITE THE FOLLOWING REFERENCE ++++
S. Páll, M. J. Abraham, C. Kutzner, B. Hess, E. Lindahl
Tackling Exascale Software Challenges in Molecular Dynamics Simulations with
GROMACS
In S. Markidis & E. Laure (Eds.), Solving Software Challenges for Exascale 8759 (2015) pp. 3-27
-------- -------- --- Thank You --- -------- --------


++++ PLEASE READ AND CITE THE FOLLOWING REFERENCE ++++
S. Pronk, S. Páll, R. Schulz, P. Larsson, P. Bjelkmar, R. Apostolov, M. R.
Shirts, J. C. Smith, P. M. Kasson, D. van der Spoel, B. Hess, and E. Lindahl
GROMACS 4.5: a high-throughput and highly parallel open source molecular
simulation toolkit
Bioinformatics 29 (2013) pp. 845-54
-------- -------- --- Thank You --- -------- --------


++++ PLEASE READ AND CITE THE FOLLOWING REFERENCE ++++
B. Hess and C. Kutzner and D. van der Spoel and E. Lindahl
GROMACS 4: Algorithms for highly efficient, load-balanced, and scalable
molecular simulation
J. Chem. Theory Comput. 4 (2008) pp. 435-447
-------- -------- --- Thank You --- -------- --------


++++ PLEASE READ AND CITE THE FOLLOWING REFERENCE ++++
D. van der Spoel, E. Lindahl, B. Hess, G. Groenhof, A. E. Mark and H. J. C.
Berendsen
GROMACS: Fast, Flexible and Free
J. Comp. Chem. 26 (2005) pp. 1701-1719
-------- -------- --- Thank You --- -------- --------


++++ PLEASE READ AND CITE THE FOLLOWING REFERENCE ++++
E. Lindahl and B. Hess and D. van der Spoel
GROMACS 3.0: A package for molecular simulation and trajectory analysis
J. Mol. Mod. 7 (2001) pp. 306-317
-------- -------- --- Thank You --- -------- --------


++++ PLEASE READ AND CITE THE FOLLOWING REFERENCE ++++
H. J. C. Berendsen, D. van der Spoel and R. van Drunen
GROMACS: A message-passing parallel molecular dynamics implementation
Comp. Phys. Comm. 91 (1995) pp. 43-56
-------- -------- --- Thank You --- -------- --------

Input Parameters:
   integrator                     = cg
   tinit                          = 0
   dt                             = 0.001
   nsteps                         = 200000000
   init-step                      = 0
   simulation-part                = 1
   comm-mode                      = Angular
   nstcomm                        = 10
   bd-fric                        = 0
   ld-seed                        = -835510549
   emtol                          = 10
   emstep                         = 0.01
   niter                          = 20
   fcstep                         = 0
   nstcgsteep                     = 1000
   nbfgscorr                      = 10
   rtpi                           = 0.05
   nstxout                        = 100000
   nstvout                        = 100000
   nstfout                        = 0
   nstlog                         = 1000
   nstcalcenergy                  = 10
   nstenergy                      = 1000
   nstxout-compressed             = 1000
   compressed-x-precision         = 1000
   cutoff-scheme                  = Group
   nstlist                        = 10
   ns-type                        = Grid
   pbc                            = no
   periodic-molecules             = false
   verlet-buffer-tolerance        = 0.005
   rlist                          = 1
   coulombtype                    = User
   coulomb-modifier               = Potential-shift
   rcoulomb-switch                = 0
   rcoulomb                       = 0.9
   epsilon-r                      = 1
   epsilon-rf                     = inf
   vdw-type                       = Cut-off
   vdw-modifier                   = Force-switch
   rvdw-switch                    = 0.7
   rvdw                           = 0.9
   DispCorr                       = No
   table-extension                = 1
   fourierspacing                 = 0.12
   fourier-nx                     = 0
   fourier-ny                     = 0
   fourier-nz                     = 0
   pme-order                      = 4
   ewald-rtol                     = 1e-05
   ewald-rtol-lj                  = 0.001
   lj-pme-comb-rule               = Geometric
   ewald-geometry                 = 0
   epsilon-surface                = 0
   implicit-solvent               = No
   gb-algorithm                   = Still
   nstgbradii                     = 1
   rgbradii                       = 1
   gb-epsilon-solvent             = 80
   gb-saltconc                    = 0
   gb-obc-alpha                   = 1
   gb-obc-beta                    = 0.8
   gb-obc-gamma                   = 4.85
   gb-dielectric-offset           = 0.009
   sa-algorithm                   = Ace-approximation
   sa-surface-tension             = 2.05016
   tcoupl                         = No
   nsttcouple                     = -1
   nh-chain-length                = 0
   print-nose-hoover-chain-variables = false
   pcoupl                         = No
   pcoupltype                     = Isotropic
   nstpcouple                     = -1
   tau-p                          = 2
   compressibility (3x3):
      compressibility[    0]={ 0.00000e+00,  0.00000e+00,  0.00000e+00}
      compressibility[    1]={ 0.00000e+00,  0.00000e+00,  0.00000e+00}
      compressibility[    2]={ 0.00000e+00,  0.00000e+00,  0.00000e+00}
   ref-p (3x3):
      ref-p[    0]={ 0.00000e+00,  0.00000e+00,  0.00000e+00}
      ref-p[    1]={ 0.00000e+00,  0.00000e+00,  0.00000e+00}
      ref-p[    2]={ 0.00000e+00,  0.00000e+00,  0.00000e+00}
   refcoord-scaling               = No
   posres-com (3):
      posres-com[0]= 0.00000e+00
      posres-com[1]= 0.00000e+00
      posres-com[2]= 0.00000e+00
   posres-comB (3):
      posres-comB[0]= 0.00000e+00
      posres-comB[1]= 0.00000e+00
      posres-comB[2]= 0.00000e+00
   QMMM                           = false
   QMconstraints                  = 0
   QMMMscheme                     = 0
   MMChargeScaleFactor            = 1
qm-opts:
   ngQM                           = 0
   constraint-algorithm           = Lincs
   continuation                   = false
   Shake-SOR                      = false
   shake-tol                      = 0.0001
   lincs-order                    = 6
   lincs-iter                     = 2
   lincs-warnangle                = 30
   nwall                          = 0
   wall-type                      = 9-3
   wall-r-linpot                  = -1
   wall-atomtype[0]               = -1
   wall-atomtype[1]               = -1
   wall-density[0]                = 0
   wall-density[1]                = 0
   wall-ewald-zfac                = 3
   pull                           = false
   awh                            = false
   rotation                       = false
   interactiveMD                  = false
   disre                          = No
   disre-weighting                = Conservative
   disre-mixed                    = false
   dr-fc                          = 1000
   dr-tau                         = 0
   nstdisreout                    = 100
   orire-fc                       = 0
   orire-tau                      = 0
   nstorireout                    = 100
   free-energy                    = no
   cos-acceleration               = 0
   deform (3x3):
      deform[    0]={ 0.00000e+00,  0.00000e+00,  0.00000e+00}
      deform[    1]={ 0.00000e+00,  0.00000e+00,  0.00000e+00}
      deform[    2]={ 0.00000e+00,  0.00000e+00,  0.00000e+00}
   simulated-tempering            = false
   swapcoords                     = no
   userint1                       = 0
   userint2                       = 0
   userint3                       = 0
   userint4                       = 0
   userreal1                      = 0
   userreal2                      = 0
   userreal3                      = 0
   userreal4                      = 0
   applied-forces:
     electric-field:
       x:
         E0                       = 0
         omega                    = 0
         t0                       = 0
         sigma                    = 0
       y:
         E0                       = 0
         omega                    = 0
         t0                       = 0
         sigma                    = 0
       z:
         E0                       = 0
         omega                    = 0
         t0                       = 0
         sigma                    = 0
grpopts:
   nrdf:         282
   ref-t:           0
   tau-t:           0
annealing:          No
annealing-npoints:           0
   acc:	           0           0           0
   nfreeze:           N           N           N
   energygrp-flags[  0]: 0




NOTE: This file uses the deprecated 'group' cutoff_scheme. This will be
removed in a future release when 'verlet' supports all interaction forms.

System total charge: 0.080
Potential shift: LJ r^-12: -1.053e+01 r^-6: -3.461e+00
Table routines are used for coulomb: true
Table routines are used for vdw:     true
Cut-off's:   NS: 1   Coulomb: 0.9   LJ: 0.9
Read user tables from ../inp_files/table-eef1-coul.xvg with 2001 data points.
Tabscale = 500 points/nm
Generated table with 1000 data points for LJ6Shift.
Tabscale = 500 points/nm
Generated table with 1000 data points for LJ12Shift.
Tabscale = 500 points/nm
Read user tables from ../inp_files/table-eef1-coul.xvg with 2001 data points.
Tabscale = 500 points/nm
Generated table with 2001 data points for 1-4 LJ6.
Tabscale = 500 points/nm
Generated table with 2001 data points for 1-4 LJ12.
Tabscale = 500 points/nm

Initiating Polak-Ribiere Conjugate Gradients
PLUMED: PLUMED is starting
PLUMED: Version: 2.5.2 (git: Unknown) compiled on Jul 27 2019 at 16:38:52
PLUMED: Please cite this paper when using PLUMED [1]
PLUMED: For further information see the PLUMED web page at http://www.plumed.org
PLUMED: Root: /Users/ajaymuralidharan/opt/miniconda2/envs/lugano-tutorials/lib/plumed
PLUMED: For installed feature, see /Users/ajaymuralidharan/opt/miniconda2/envs/lugano-tutorials/lib/plumed/src/config/config.txt
PLUMED: Molecular dynamics engine: gromacs
PLUMED: Precision of reals: 4
PLUMED: Running over 1 node
PLUMED: Number of threads: 1
PLUMED: Cache line size: 512
PLUMED: Number of atoms: 96
PLUMED: File suffix: 
PLUMED: FILE: ../inp_files/plumed-eef1.dat
PLUMED: Action MOLINFO
PLUMED:   with label @0
PLUMED:   pdb file named structure.pdb contains 1 chains 
PLUMED:   chain named   contains residues 1 to 10 and atoms 1 to 93 
PLUMED: Action WHOLEMOLECULES
PLUMED:   with label @1
PLUMED:   with stride 1
PLUMED:   atoms in entity 0 : 1 2 3 4 5 6 7 8 9 10 11 12 13 14 15 16 17 18 19 20 21 22 23 24 25 26 27 28 29 30 31 32 33 34 35 36 37 38 39 40 41 42 43 44 45 46 47 48 49 50 51 52 53 54 55 56 57 58 59 60 61 62 63 64 65 66 67 68 69 70 71 72 73 74 75 76 77 78 79 80 81 82 83 84 85 86 87 88 89 90 91 92 93 94 95 96 
PLUMED: Action GROUP
PLUMED:   with label protein-h
PLUMED:   importing group 'Protein-H' from index file index.ndx
PLUMED:   list of atoms:
PLUMED:  1 3 6 7 8 10 13 14 15 17 19 22 25 26 27 28 29 30 32 35 36 37 39 42 43
PLUMED:  44 46 49 50 51 53 56 57 58 60 63 64 65 67 69 72 75 78 81 85 86 87 89 92 93
PLUMED: Action EEFSOLV
PLUMED:   with label solv
PLUMED:   Bibliography [2]
PLUMED:   MOLINFO DATA found, using proper atom names
PLUMED: Action BIASVALUE
PLUMED:   with label bias
PLUMED:   with arguments solv
PLUMED:   added component to this action:  bias.bias 
PLUMED:   added component to this action:  bias.solv_bias 
PLUMED: Action PRINT
PLUMED:   with label @5
PLUMED:   with stride 200
PLUMED:   with arguments bias.bias
PLUMED:   on file ENERGY
PLUMED:   with format  %f
PLUMED: Action ENDPLUMED
PLUMED:   with label @6
PLUMED: END FILE: ../inp_files/plumed-eef1.dat
PLUMED: Timestep: 0.001000
PLUMED: KbT has not been set by the MD engine
PLUMED: It should be set by hand where needed
PLUMED: Relevant bibliography:
PLUMED:   [1] Tribello, Bonomi, Branduardi, Camilloni, and Bussi, Comput. Phys. Commun. 185, 604 (2014)
PLUMED:   [2] Lazaridis T, Karplus M, Proteins Struct. Funct. Genet. 35, 133 (1999)
PLUMED: Please read and cite where appropriate!
PLUMED: Finished setup
Started Polak-Ribiere Conjugate Gradients on rank 0 Fri Jul 24 19:32:06 2020

Polak-Ribiere Conjugate Gradients:
   Tolerance (Fmax)   =  1.00000e+01
   Number of steps    =    200000000

Grid: 6 x 4 x 2 cells
           Step           Time
              0        0.00000

   Energies (kJ/mol)
           Bond            U-B    Proper Dih.  Improper Dih.      CMAP Dih.
    4.05029e+02    6.71611e+01    1.27147e+02    4.52658e-05    6.96916e+00
          LJ-14     Coulomb-14        LJ (SR)   Coulomb (SR)      Potential
    3.56155e+01    7.87206e+02    6.28464e+02   -6.18019e+02    1.43957e+03
 Pressure (bar)
    0.00000e+00

   F-max             =  2.16150e+04 on atom 32
   F-Norm            =  4.48792e+03

           Step           Time
              0        0.00000

   Energies (kJ/mol)
           Bond            U-B    Proper Dih.  Improper Dih.      CMAP Dih.
    3.34171e+02    7.38625e+01    1.27479e+02    4.86246e-01    6.72422e+00
          LJ-14     Coulomb-14        LJ (SR)   Coulomb (SR)      Potential
    3.36924e+01    7.85955e+02    3.60454e+02   -6.18524e+02    1.10430e+03
 Pressure (bar)
    0.00000e+00

           Step           Time
            214      214.00000

   Energies (kJ/mol)
           Bond            U-B    Proper Dih.  Improper Dih.      CMAP Dih.
    6.79456e+00    2.23495e+01    1.26914e+02    6.08357e-01   -1.10534e+01
          LJ-14     Coulomb-14        LJ (SR)   Coulomb (SR)      Potential
    1.08847e+01    8.24342e+02   -4.30905e+01   -6.76788e+02    2.60962e+02
 Pressure (bar)
    0.00000e+00


Polak-Ribiere Conjugate Gradients converged to Fmax < 10 in 214 steps
Potential Energy  =  2.6096185e+02
Maximum force     =  7.7679353e+00 on atom 9
Norm of force     =  3.3495254e+00

Performed 270 energy evaluations in total.
Finished mdrun on rank 0 Fri Jul 24 19:32:06 2020
PLUMED:                                               Cycles        Total      Average      Minumum      Maximum
PLUMED:                                                    1     0.031442     0.031442     0.031442     0.031442
PLUMED: 1 Prepare dependencies                           271     0.000128     0.000000     0.000000     0.000009
PLUMED: 2 Sharing data                                   271     0.000343     0.000001     0.000001     0.000031
PLUMED: 3 Waiting for data                               271     0.000062     0.000000     0.000000     0.000004
PLUMED: 4 Calculating (forward loop)                     271     0.008776     0.000032     0.000026     0.000118
PLUMED: 5 Applying (backward loop)                       271     0.000928     0.000003     0.000002     0.000032
PLUMED: 6 Update                                         271     0.000068     0.000000     0.000000     0.000002
