Log file opened on Fri Jul 24 19:35:13 2020
Host: ajays-MacBook-Pro.local  pid: 14172  rank ID: 0  number of ranks:  1
                      :-) GROMACS - gmx mdrun, 2018.6 (-:

                            GROMACS is written by:
     Emile Apol      Rossen Apostolov      Paul Bauer     Herman J.C. Berendsen
    Par Bjelkmar    Aldert van Buuren   Rudi van Drunen     Anton Feenstra  
  Gerrit Groenhof    Aleksei Iupinov   Christoph Junghans   Anca Hamuraru   
 Vincent Hindriksen Dimitrios Karkoulis    Peter Kasson        Jiri Kraus    
  Carsten Kutzner      Per Larsson      Justin A. Lemkul    Viveca Lindahl  
  Magnus Lundborg   Pieter Meulenhoff    Erik Marklund      Teemu Murtola   
    Szilard Pall       Sander Pronk      Roland Schulz     Alexey Shvetsov  
   Michael Shirts     Alfons Sijbers     Peter Tieleman    Teemu Virolainen 
 Christian Wennberg    Maarten Wolf   
                           and the project leaders:
        Mark Abraham, Berk Hess, Erik Lindahl, and David van der Spoel

Copyright (c) 1991-2000, University of Groningen, The Netherlands.
Copyright (c) 2001-2017, The GROMACS development team at
Uppsala University, Stockholm University and
the Royal Institute of Technology, Sweden.
check out http://www.gromacs.org for more information.

GROMACS is free software; you can redistribute it and/or modify it
under the terms of the GNU Lesser General Public License
as published by the Free Software Foundation; either version 2.1
of the License, or (at your option) any later version.

GROMACS:      gmx mdrun, version 2018.6
Executable:   /Users/ajaymuralidharan/opt/miniconda2/envs/lugano-tutorials/bin/gmx
Data prefix:  /Users/ajaymuralidharan/opt/miniconda2/envs/lugano-tutorials
Working dir:  /Users/ajaymuralidharan/Box/Projects/Charmm-eef1sb/isdb-1/run
Command line:
  gmx mdrun -deffnm run -table ../inp_files/table-eef1-coul.xvg -tablep ../inp_files/table-eef1-coul.xvg -plumed ../inp_files/plumed-eef1.dat

GROMACS version:    2018.6
Precision:          single
Memory model:       64 bit
MPI library:        none
OpenMP support:     enabled (GMX_OPENMP_MAX_THREADS = 64)
GPU support:        disabled
SIMD instructions:  SSE2
FFT library:        fftw-3.3.8-sse2-avx
RDTSCP usage:       disabled
TNG support:        enabled
Hwloc support:      disabled
Tracing support:    disabled
Built on:           2019-07-27 16:44:31
Built by:           travis@Traviss-Mac-80.local [CMAKE]
Build OS/arch:      Darwin 17.4.0 x86_64
Build CPU vendor:   Unknown
Build CPU brand:    Unknown
Build CPU family:   0   Model: 0   Stepping: 0
Build CPU features: Unknown
C compiler:         /Users/travis/opt/conda/conda-bld/gromacs_1564245637602/_build_env/bin/x86_64-apple-darwin13.4.0-clang Clang 4.0.1
C compiler flags:    -msse2   -march=core2 -mtune=haswell -mssse3 -ftree-vectorize -fPIC -fPIE -fstack-protector-strong -O2 -pipe -I/Users/ajaymuralidharan/opt/miniconda2/envs/lugano-tutorials/include -fdebug-prefix-map=/Users/travis/opt/conda/conda-bld/gromacs_1564245637602/work=/usr/local/src/conda/gromacs-2018.6 -fdebug-prefix-map=/Users/ajaymuralidharan/opt/miniconda2/envs/lugano-tutorials=/usr/local/src/conda-prefix  -O3 -DNDEBUG  
C++ compiler:       /Users/travis/opt/conda/conda-bld/gromacs_1564245637602/_build_env/bin/x86_64-apple-darwin13.4.0-clang++ Clang 4.0.1
C++ compiler flags:  -msse2   -march=core2 -mtune=haswell -mssse3 -ftree-vectorize -fPIC -fPIE -fstack-protector-strong -O2 -pipe -stdlib=libc++ -fvisibility-inlines-hidden -std=c++14 -fmessage-length=0 -I/Users/ajaymuralidharan/opt/miniconda2/envs/lugano-tutorials/include -fdebug-prefix-map=/Users/travis/opt/conda/conda-bld/gromacs_1564245637602/work=/usr/local/src/conda/gromacs-2018.6 -fdebug-prefix-map=/Users/ajaymuralidharan/opt/miniconda2/envs/lugano-tutorials=/usr/local/src/conda-prefix -std=c++11   -O3 -DNDEBUG  


Running on 1 node with total 4 cores, 4 logical cores
Hardware detected:
  CPU info:
    Vendor: Intel
    Brand:  Intel(R) Core(TM) i5-7360U CPU @ 2.30GHz
    Family: 6   Model: 142   Stepping: 9
    Features: aes apic avx avx2 clfsh cmov cx8 cx16 f16c fma hle htt intel lahf mmx msr nonstop_tsc pcid pclmuldq pdcm pdpe1gb popcnt pse rdrnd rdtscp rtm sse2 sse3 sse4.1 sse4.2 ssse3 tdt x2apic
  Hardware topology: Only logical processor count

Highest SIMD level requested by all nodes in run: AVX2_256
SIMD instructions selected at compile time:       SSE2
This program was compiled for different hardware than you are running on,
which could influence performance.
The current CPU can measure timings more accurately than the code in
gmx mdrun was configured to use. This might affect your simulation
speed as accurate timings are needed for load-balancing.
Please consider rebuilding gmx mdrun with the GMX_USE_RDTSCP=ON CMake option.

++++ PLEASE READ AND CITE THE FOLLOWING REFERENCE ++++
M. J. Abraham, T. Murtola, R. Schulz, S. Páll, J. C. Smith, B. Hess, E.
Lindahl
GROMACS: High performance molecular simulations through multi-level
parallelism from laptops to supercomputers
SoftwareX 1 (2015) pp. 19-25
-------- -------- --- Thank You --- -------- --------


++++ PLEASE READ AND CITE THE FOLLOWING REFERENCE ++++
S. Páll, M. J. Abraham, C. Kutzner, B. Hess, E. Lindahl
Tackling Exascale Software Challenges in Molecular Dynamics Simulations with
GROMACS
In S. Markidis & E. Laure (Eds.), Solving Software Challenges for Exascale 8759 (2015) pp. 3-27
-------- -------- --- Thank You --- -------- --------


++++ PLEASE READ AND CITE THE FOLLOWING REFERENCE ++++
S. Pronk, S. Páll, R. Schulz, P. Larsson, P. Bjelkmar, R. Apostolov, M. R.
Shirts, J. C. Smith, P. M. Kasson, D. van der Spoel, B. Hess, and E. Lindahl
GROMACS 4.5: a high-throughput and highly parallel open source molecular
simulation toolkit
Bioinformatics 29 (2013) pp. 845-54
-------- -------- --- Thank You --- -------- --------


++++ PLEASE READ AND CITE THE FOLLOWING REFERENCE ++++
B. Hess and C. Kutzner and D. van der Spoel and E. Lindahl
GROMACS 4: Algorithms for highly efficient, load-balanced, and scalable
molecular simulation
J. Chem. Theory Comput. 4 (2008) pp. 435-447
-------- -------- --- Thank You --- -------- --------


++++ PLEASE READ AND CITE THE FOLLOWING REFERENCE ++++
D. van der Spoel, E. Lindahl, B. Hess, G. Groenhof, A. E. Mark and H. J. C.
Berendsen
GROMACS: Fast, Flexible and Free
J. Comp. Chem. 26 (2005) pp. 1701-1719
-------- -------- --- Thank You --- -------- --------


++++ PLEASE READ AND CITE THE FOLLOWING REFERENCE ++++
E. Lindahl and B. Hess and D. van der Spoel
GROMACS 3.0: A package for molecular simulation and trajectory analysis
J. Mol. Mod. 7 (2001) pp. 306-317
-------- -------- --- Thank You --- -------- --------


++++ PLEASE READ AND CITE THE FOLLOWING REFERENCE ++++
H. J. C. Berendsen, D. van der Spoel and R. van Drunen
GROMACS: A message-passing parallel molecular dynamics implementation
Comp. Phys. Comm. 91 (1995) pp. 43-56
-------- -------- --- Thank You --- -------- --------

Input Parameters:
   integrator                     = sd
   tinit                          = 0
   dt                             = 0.001
   nsteps                         = 200000000
   init-step                      = 0
   simulation-part                = 1
   comm-mode                      = Angular
   nstcomm                        = 10
   bd-fric                        = 0
   ld-seed                        = -2138092852
   emtol                          = 10
   emstep                         = 0.01
   niter                          = 20
   fcstep                         = 0
   nstcgsteep                     = 1000
   nbfgscorr                      = 10
   rtpi                           = 0.05
   nstxout                        = 100000
   nstvout                        = 100000
   nstfout                        = 0
   nstlog                         = 1000
   nstcalcenergy                  = 10
   nstenergy                      = 1000
   nstxout-compressed             = 1000
   compressed-x-precision         = 1000
   cutoff-scheme                  = Group
   nstlist                        = 10
   ns-type                        = Grid
   pbc                            = no
   periodic-molecules             = false
   verlet-buffer-tolerance        = 0.005
   rlist                          = 1
   coulombtype                    = User
   coulomb-modifier               = Potential-shift
   rcoulomb-switch                = 0
   rcoulomb                       = 0.9
   epsilon-r                      = 1
   epsilon-rf                     = inf
   vdw-type                       = Cut-off
   vdw-modifier                   = Force-switch
   rvdw-switch                    = 0.7
   rvdw                           = 0.9
   DispCorr                       = No
   table-extension                = 1
   fourierspacing                 = 0.12
   fourier-nx                     = 0
   fourier-ny                     = 0
   fourier-nz                     = 0
   pme-order                      = 4
   ewald-rtol                     = 1e-05
   ewald-rtol-lj                  = 0.001
   lj-pme-comb-rule               = Geometric
   ewald-geometry                 = 0
   epsilon-surface                = 0
   implicit-solvent               = No
   gb-algorithm                   = Still
   nstgbradii                     = 1
   rgbradii                       = 1
   gb-epsilon-solvent             = 80
   gb-saltconc                    = 0
   gb-obc-alpha                   = 1
   gb-obc-beta                    = 0.8
   gb-obc-gamma                   = 4.85
   gb-dielectric-offset           = 0.009
   sa-algorithm                   = Ace-approximation
   sa-surface-tension             = 2.05016
   tcoupl                         = No
   nsttcouple                     = -1
   nh-chain-length                = 0
   print-nose-hoover-chain-variables = false
   pcoupl                         = No
   pcoupltype                     = Isotropic
   nstpcouple                     = -1
   tau-p                          = 2
   compressibility (3x3):
      compressibility[    0]={ 0.00000e+00,  0.00000e+00,  0.00000e+00}
      compressibility[    1]={ 0.00000e+00,  0.00000e+00,  0.00000e+00}
      compressibility[    2]={ 0.00000e+00,  0.00000e+00,  0.00000e+00}
   ref-p (3x3):
      ref-p[    0]={ 0.00000e+00,  0.00000e+00,  0.00000e+00}
      ref-p[    1]={ 0.00000e+00,  0.00000e+00,  0.00000e+00}
      ref-p[    2]={ 0.00000e+00,  0.00000e+00,  0.00000e+00}
   refcoord-scaling               = No
   posres-com (3):
      posres-com[0]= 0.00000e+00
      posres-com[1]= 0.00000e+00
      posres-com[2]= 0.00000e+00
   posres-comB (3):
      posres-comB[0]= 0.00000e+00
      posres-comB[1]= 0.00000e+00
      posres-comB[2]= 0.00000e+00
   QMMM                           = false
   QMconstraints                  = 0
   QMMMscheme                     = 0
   MMChargeScaleFactor            = 1
qm-opts:
   ngQM                           = 0
   constraint-algorithm           = Lincs
   continuation                   = false
   Shake-SOR                      = false
   shake-tol                      = 0.0001
   lincs-order                    = 6
   lincs-iter                     = 2
   lincs-warnangle                = 30
   nwall                          = 0
   wall-type                      = 9-3
   wall-r-linpot                  = -1
   wall-atomtype[0]               = -1
   wall-atomtype[1]               = -1
   wall-density[0]                = 0
   wall-density[1]                = 0
   wall-ewald-zfac                = 3
   pull                           = false
   awh                            = false
   rotation                       = false
   interactiveMD                  = false
   disre                          = No
   disre-weighting                = Conservative
   disre-mixed                    = false
   dr-fc                          = 1000
   dr-tau                         = 0
   nstdisreout                    = 100
   orire-fc                       = 0
   orire-tau                      = 0
   nstorireout                    = 100
   free-energy                    = no
   cos-acceleration               = 0
   deform (3x3):
      deform[    0]={ 0.00000e+00,  0.00000e+00,  0.00000e+00}
      deform[    1]={ 0.00000e+00,  0.00000e+00,  0.00000e+00}
      deform[    2]={ 0.00000e+00,  0.00000e+00,  0.00000e+00}
   simulated-tempering            = false
   swapcoords                     = no
   userint1                       = 0
   userint2                       = 0
   userint3                       = 0
   userint4                       = 0
   userreal1                      = 0
   userreal2                      = 0
   userreal3                      = 0
   userreal4                      = 0
   applied-forces:
     electric-field:
       x:
         E0                       = 0
         omega                    = 0
         t0                       = 0
         sigma                    = 0
       y:
         E0                       = 0
         omega                    = 0
         t0                       = 0
         sigma                    = 0
       z:
         E0                       = 0
         omega                    = 0
         t0                       = 0
         sigma                    = 0
grpopts:
   nrdf:         187
   ref-t:         300
   tau-t:           1
annealing:          No
annealing-npoints:           0
   acc:	           0           0           0
   nfreeze:           N           N           N
   energygrp-flags[  0]: 0




NOTE: This file uses the deprecated 'group' cutoff_scheme. This will be
removed in a future release when 'verlet' supports all interaction forms.

System total charge: 0.080
Potential shift: LJ r^-12: -1.053e+01 r^-6: -3.461e+00
Table routines are used for coulomb: true
Table routines are used for vdw:     true
Cut-off's:   NS: 1   Coulomb: 0.9   LJ: 0.9
Read user tables from ../inp_files/table-eef1-coul.xvg with 2001 data points.
Tabscale = 500 points/nm
Generated table with 1000 data points for LJ6Shift.
Tabscale = 500 points/nm
Generated table with 1000 data points for LJ12Shift.
Tabscale = 500 points/nm
Read user tables from ../inp_files/table-eef1-coul.xvg with 2001 data points.
Tabscale = 500 points/nm
Generated table with 2001 data points for 1-4 LJ6.
Tabscale = 500 points/nm
Generated table with 2001 data points for 1-4 LJ12.
Tabscale = 500 points/nm


Initializing LINear Constraint Solver

++++ PLEASE READ AND CITE THE FOLLOWING REFERENCE ++++
B. Hess and H. Bekker and H. J. C. Berendsen and J. G. E. M. Fraaije
LINCS: A Linear Constraint Solver for molecular simulations
J. Comp. Chem. 18 (1997) pp. 1463-1472
-------- -------- --- Thank You --- -------- --------

The number of constraints is 95
Intra-simulation communication will occur every 10 steps.
Center of mass motion removal mode is Angular
We have the following groups for center of mass motion removal:
  0:  rest

++++ PLEASE READ AND CITE THE FOLLOWING REFERENCE ++++
N. Goga and A. J. Rzepiela and A. H. de Vries and S. J. Marrink and H. J. C.
Berendsen
Efficient Algorithms for Langevin and DPD Dynamics
J. Chem. Theory Comput. 8 (2012) pp. 3637--3649
-------- -------- --- Thank You --- -------- --------

There are: 96 Atoms

Constraining the starting coordinates (step 0)

Constraining the coordinates at t0-dt (step 0)
RMS relative constraint deviation after constraining: 5.83e-07
Initial temperature: 311.604 K

PLUMED: PLUMED is starting
PLUMED: Version: 2.5.2 (git: Unknown) compiled on Jul 27 2019 at 16:38:52
PLUMED: Please cite this paper when using PLUMED [1]
PLUMED: For further information see the PLUMED web page at http://www.plumed.org
PLUMED: Root: /Users/ajaymuralidharan/opt/miniconda2/envs/lugano-tutorials/lib/plumed
PLUMED: For installed feature, see /Users/ajaymuralidharan/opt/miniconda2/envs/lugano-tutorials/lib/plumed/src/config/config.txt
PLUMED: Molecular dynamics engine: gromacs
PLUMED: Precision of reals: 4
PLUMED: Running over 1 node
PLUMED: Number of threads: 1
PLUMED: Cache line size: 512
PLUMED: Number of atoms: 96
PLUMED: File suffix: 
PLUMED: FILE: ../inp_files/plumed-eef1.dat
PLUMED: Action MOLINFO
PLUMED:   with label @0
PLUMED:   pdb file named structure.pdb contains 1 chains 
PLUMED:   chain named   contains residues 1 to 10 and atoms 1 to 93 
PLUMED: Action WHOLEMOLECULES
PLUMED:   with label @1
PLUMED:   with stride 1
PLUMED:   atoms in entity 0 : 1 2 3 4 5 6 7 8 9 10 11 12 13 14 15 16 17 18 19 20 21 22 23 24 25 26 27 28 29 30 31 32 33 34 35 36 37 38 39 40 41 42 43 44 45 46 47 48 49 50 51 52 53 54 55 56 57 58 59 60 61 62 63 64 65 66 67 68 69 70 71 72 73 74 75 76 77 78 79 80 81 82 83 84 85 86 87 88 89 90 91 92 93 94 95 96 
PLUMED: Action GROUP
PLUMED:   with label protein-h
PLUMED:   importing group 'Protein-H' from index file index.ndx
PLUMED:   list of atoms:
PLUMED:  1 3 6 7 8 10 13 14 15 17 19 22 25 26 27 28 29 30 32 35 36 37 39 42 43
PLUMED:  44 46 49 50 51 53 56 57 58 60 63 64 65 67 69 72 75 78 81 85 86 87 89 92 93
PLUMED: Action EEFSOLV
PLUMED:   with label solv
PLUMED:   Bibliography [2]
PLUMED:   MOLINFO DATA found, using proper atom names
PLUMED: Action BIASVALUE
PLUMED:   with label bias
PLUMED:   with arguments solv
PLUMED:   added component to this action:  bias.bias 
PLUMED:   added component to this action:  bias.solv_bias 
PLUMED: Action PRINT
PLUMED:   with label @5
PLUMED:   with stride 200
PLUMED:   with arguments bias.bias
PLUMED:   on file ENERGY
PLUMED:   with format  %f
PLUMED: Action ENDPLUMED
PLUMED:   with label @6
PLUMED: END FILE: ../inp_files/plumed-eef1.dat
PLUMED: Timestep: 0.001000
PLUMED: KbT: 2.494339
PLUMED: Relevant bibliography:
PLUMED:   [1] Tribello, Bonomi, Branduardi, Camilloni, and Bussi, Comput. Phys. Commun. 185, 604 (2014)
PLUMED:   [2] Lazaridis T, Karplus M, Proteins Struct. Funct. Genet. 35, 133 (1999)
PLUMED: Please read and cite where appropriate!
PLUMED: Finished setup
Started mdrun on rank 0 Fri Jul 24 19:35:13 2020
           Step           Time
              0        0.00000


Grid: 5 x 4 x 2 cells
   Energies (kJ/mol)
            U-B    Proper Dih.  Improper Dih.      CMAP Dih.          LJ-14
    4.37662e+01    1.27585e+02    8.43466e-01   -1.10990e+01    1.14442e+01
     Coulomb-14        LJ (SR)   Coulomb (SR)      Potential    Kinetic En.
    8.24783e+02   -4.35774e+01   -6.77062e+02    2.76684e+02    2.42070e+02
   Total Energy    Temperature Pressure (bar)   Constr. rmsd
    5.18754e+02    3.11383e+02    0.00000e+00    6.10919e-07

           Step           Time
           1000        1.00000

   Energies (kJ/mol)
            U-B    Proper Dih.  Improper Dih.      CMAP Dih.          LJ-14
    1.36442e+02    1.50331e+02    2.83628e+01   -5.20235e+01    2.31910e+01
     Coulomb-14        LJ (SR)   Coulomb (SR)      Potential    Kinetic En.
    7.98855e+02   -4.18454e+01   -6.12693e+02    4.30621e+02    1.90801e+02
   Total Energy    Temperature Pressure (bar)   Constr. rmsd
    6.21422e+02    2.45435e+02    0.00000e+00    4.88230e-07

           Step           Time
           2000        2.00000

   Energies (kJ/mol)
            U-B    Proper Dih.  Improper Dih.      CMAP Dih.          LJ-14
    1.83457e+02    1.48967e+02    2.05746e+01   -6.10912e+01    4.90753e+01
     Coulomb-14        LJ (SR)   Coulomb (SR)      Potential    Kinetic En.
    8.15088e+02   -4.09343e+01   -6.30380e+02    4.84756e+02    2.11499e+02
   Total Energy    Temperature Pressure (bar)   Constr. rmsd
    6.96255e+02    2.72059e+02    0.00000e+00    5.90341e-07

           Step           Time
           3000        3.00000

   Energies (kJ/mol)
            U-B    Proper Dih.  Improper Dih.      CMAP Dih.          LJ-14
    1.95942e+02    1.50628e+02    2.15298e+01   -3.15668e+01    3.15775e+01
     Coulomb-14        LJ (SR)   Coulomb (SR)      Potential    Kinetic En.
    8.26685e+02   -3.73399e+01   -6.50518e+02    5.06939e+02    2.22612e+02
   Total Energy    Temperature Pressure (bar)   Constr. rmsd
    7.29550e+02    2.86353e+02    0.00000e+00    5.04874e-07

           Step           Time
           4000        4.00000

   Energies (kJ/mol)
            U-B    Proper Dih.  Improper Dih.      CMAP Dih.          LJ-14
    1.69107e+02    1.48234e+02    1.57216e+01   -2.47586e+01    3.63579e+01
     Coulomb-14        LJ (SR)   Coulomb (SR)      Potential    Kinetic En.
    8.06944e+02   -4.08521e+01   -6.33962e+02    4.76792e+02    1.96821e+02
   Total Energy    Temperature Pressure (bar)   Constr. rmsd
    6.73613e+02    2.53178e+02    0.00000e+00    5.41645e-07

           Step           Time
           5000        5.00000

   Energies (kJ/mol)
            U-B    Proper Dih.  Improper Dih.      CMAP Dih.          LJ-14
    1.43956e+02    1.44773e+02    2.44015e+01   -1.63018e+01    2.87226e+01
     Coulomb-14        LJ (SR)   Coulomb (SR)      Potential    Kinetic En.
    7.96248e+02   -3.48399e+01   -6.22488e+02    4.64472e+02    1.95632e+02
   Total Energy    Temperature Pressure (bar)   Constr. rmsd
    6.60104e+02    2.51649e+02    0.00000e+00    5.86018e-07

           Step           Time
           6000        6.00000

   Energies (kJ/mol)
            U-B    Proper Dih.  Improper Dih.      CMAP Dih.          LJ-14
    1.83555e+02    1.50733e+02    1.99560e+01   -4.90961e+01    2.95873e+01
     Coulomb-14        LJ (SR)   Coulomb (SR)      Potential    Kinetic En.
    8.01958e+02   -3.98660e+01   -6.26805e+02    4.70023e+02    1.97382e+02
   Total Energy    Temperature Pressure (bar)   Constr. rmsd
    6.67406e+02    2.53900e+02    0.00000e+00    5.57869e-07

           Step           Time
           7000        7.00000

   Energies (kJ/mol)
            U-B    Proper Dih.  Improper Dih.      CMAP Dih.          LJ-14
    1.75177e+02    1.55266e+02    1.52002e+01   -6.23118e+01    4.27596e+01
     Coulomb-14        LJ (SR)   Coulomb (SR)      Potential    Kinetic En.
    7.68856e+02   -3.91872e+01   -5.85308e+02    4.70452e+02    1.93294e+02
   Total Energy    Temperature Pressure (bar)   Constr. rmsd
    6.63746e+02    2.48641e+02    0.00000e+00    5.84644e-07

           Step           Time
           8000        8.00000

   Energies (kJ/mol)
            U-B    Proper Dih.  Improper Dih.      CMAP Dih.          LJ-14
    1.55317e+02    1.53835e+02    1.47377e+01   -3.73597e+01    2.42665e+01
     Coulomb-14        LJ (SR)   Coulomb (SR)      Potential    Kinetic En.
    7.86285e+02   -3.65365e+01   -6.22253e+02    4.38292e+02    2.26457e+02
   Total Energy    Temperature Pressure (bar)   Constr. rmsd
    6.64749e+02    2.91299e+02    0.00000e+00    6.12325e-07

           Step           Time
           9000        9.00000

   Energies (kJ/mol)
            U-B    Proper Dih.  Improper Dih.      CMAP Dih.          LJ-14
    2.07640e+02    1.51993e+02    2.32693e+01   -5.21467e+01    4.70876e+01
     Coulomb-14        LJ (SR)   Coulomb (SR)      Potential    Kinetic En.
    7.94976e+02   -2.96563e+01   -5.99215e+02    5.43948e+02    2.33025e+02
   Total Energy    Temperature Pressure (bar)   Constr. rmsd
    7.76974e+02    2.99749e+02    0.00000e+00    5.46628e-07

           Step           Time
          10000       10.00000

   Energies (kJ/mol)
            U-B    Proper Dih.  Improper Dih.      CMAP Dih.          LJ-14
    1.37889e+02    1.64987e+02    8.78863e+00   -1.37847e+01    3.34700e+01
     Coulomb-14        LJ (SR)   Coulomb (SR)      Potential    Kinetic En.
    8.14225e+02   -2.71855e+01   -6.49169e+02    4.69221e+02    2.26556e+02
   Total Energy    Temperature Pressure (bar)   Constr. rmsd
    6.95776e+02    2.91426e+02    0.00000e+00    5.85794e-07

           Step           Time
          11000       11.00000

   Energies (kJ/mol)
            U-B    Proper Dih.  Improper Dih.      CMAP Dih.          LJ-14
    1.66837e+02    1.54777e+02    1.79926e+01   -5.40070e+01    3.64726e+01
     Coulomb-14        LJ (SR)   Coulomb (SR)      Potential    Kinetic En.
    7.66641e+02   -2.93132e+01   -5.81305e+02    4.78096e+02    2.07208e+02
   Total Energy    Temperature Pressure (bar)   Constr. rmsd
    6.85304e+02    2.66539e+02    0.00000e+00    4.26847e-07

           Step           Time
          12000       12.00000

   Energies (kJ/mol)
            U-B    Proper Dih.  Improper Dih.      CMAP Dih.          LJ-14
    1.76663e+02    1.35363e+02    1.30877e+01   -3.27524e+01    3.60251e+01
     Coulomb-14        LJ (SR)   Coulomb (SR)      Potential    Kinetic En.
    8.09352e+02   -3.96490e+01   -6.36706e+02    4.61384e+02    2.22104e+02
   Total Energy    Temperature Pressure (bar)   Constr. rmsd
    6.83487e+02    2.85700e+02    0.00000e+00    6.79377e-07

           Step           Time
          13000       13.00000

   Energies (kJ/mol)
            U-B    Proper Dih.  Improper Dih.      CMAP Dih.          LJ-14
    1.84666e+02    1.38476e+02    7.60049e+00   -4.55403e+01    3.64283e+01
     Coulomb-14        LJ (SR)   Coulomb (SR)      Potential    Kinetic En.
    7.88195e+02   -3.46620e+01   -6.26759e+02    4.48404e+02    2.36375e+02
   Total Energy    Temperature Pressure (bar)   Constr. rmsd
    6.84779e+02    3.04058e+02    0.00000e+00    5.64168e-07

           Step           Time
          14000       14.00000

   Energies (kJ/mol)
            U-B    Proper Dih.  Improper Dih.      CMAP Dih.          LJ-14
    1.71859e+02    1.54504e+02    1.31363e+01   -3.01948e+01    3.31416e+01
     Coulomb-14        LJ (SR)   Coulomb (SR)      Potential    Kinetic En.
    8.10756e+02   -4.48915e+01   -6.27086e+02    4.81225e+02    2.47180e+02
   Total Energy    Temperature Pressure (bar)   Constr. rmsd
    7.28405e+02    3.17957e+02    0.00000e+00    6.48107e-07

           Step           Time
          15000       15.00000

   Energies (kJ/mol)
            U-B    Proper Dih.  Improper Dih.      CMAP Dih.          LJ-14
    1.79965e+02    1.62041e+02    1.79076e+01   -3.25695e+01    3.87758e+01
     Coulomb-14        LJ (SR)   Coulomb (SR)      Potential    Kinetic En.
    8.12973e+02   -4.29725e+01   -6.54958e+02    4.81163e+02    2.26708e+02
   Total Energy    Temperature Pressure (bar)   Constr. rmsd
    7.07871e+02    2.91622e+02    0.00000e+00    6.97815e-07

           Step           Time
          16000       16.00000

   Energies (kJ/mol)
            U-B    Proper Dih.  Improper Dih.      CMAP Dih.          LJ-14
    1.42942e+02    1.48768e+02    1.25815e+01   -3.66885e+01    4.33799e+01
     Coulomb-14        LJ (SR)   Coulomb (SR)      Potential    Kinetic En.
    8.20214e+02   -3.94738e+01   -6.41790e+02    4.49933e+02    2.38247e+02
   Total Energy    Temperature Pressure (bar)   Constr. rmsd
    6.88181e+02    3.06466e+02    0.00000e+00    6.74682e-07

           Step           Time
          17000       17.00000

   Energies (kJ/mol)
            U-B    Proper Dih.  Improper Dih.      CMAP Dih.          LJ-14
    1.71010e+02    1.45328e+02    2.25292e+01   -3.36031e+01    4.25271e+01
     Coulomb-14        LJ (SR)   Coulomb (SR)      Potential    Kinetic En.
    7.65167e+02   -3.90374e+01   -6.03795e+02    4.70126e+02    1.96897e+02
   Total Energy    Temperature Pressure (bar)   Constr. rmsd
    6.67023e+02    2.53276e+02    0.00000e+00    4.29598e-07

           Step           Time
          18000       18.00000

   Energies (kJ/mol)
            U-B    Proper Dih.  Improper Dih.      CMAP Dih.          LJ-14
    1.39233e+02    1.46444e+02    1.51322e+01   -5.40608e+01    3.60120e+01
     Coulomb-14        LJ (SR)   Coulomb (SR)      Potential    Kinetic En.
    7.72066e+02   -4.22768e+01   -5.89274e+02    4.23276e+02    2.32067e+02
   Total Energy    Temperature Pressure (bar)   Constr. rmsd
    6.55343e+02    2.98516e+02    0.00000e+00    4.72900e-07

           Step           Time
          19000       19.00000

   Energies (kJ/mol)
            U-B    Proper Dih.  Improper Dih.      CMAP Dih.          LJ-14
    1.55519e+02    1.50762e+02    2.33425e+01   -5.12838e+01    3.77360e+01
     Coulomb-14        LJ (SR)   Coulomb (SR)      Potential    Kinetic En.
    7.71107e+02   -4.22414e+01   -5.99059e+02    4.45883e+02    2.08283e+02
   Total Energy    Temperature Pressure (bar)   Constr. rmsd
    6.54166e+02    2.67921e+02    0.00000e+00    5.58740e-07

           Step           Time
          20000       20.00000

   Energies (kJ/mol)
            U-B    Proper Dih.  Improper Dih.      CMAP Dih.          LJ-14
    1.91778e+02    1.51874e+02    3.10918e+01   -4.83302e+01    4.14666e+01
     Coulomb-14        LJ (SR)   Coulomb (SR)      Potential    Kinetic En.
    8.14599e+02   -3.98959e+01   -6.49495e+02    4.93088e+02    2.33419e+02
   Total Energy    Temperature Pressure (bar)   Constr. rmsd
    7.26508e+02    3.00256e+02    0.00000e+00    5.85539e-07

           Step           Time
          21000       21.00000

   Energies (kJ/mol)
            U-B    Proper Dih.  Improper Dih.      CMAP Dih.          LJ-14
    2.05927e+02    1.49265e+02    2.30603e+01   -4.72154e+01    4.76807e+01
     Coulomb-14        LJ (SR)   Coulomb (SR)      Potential    Kinetic En.
    8.07576e+02   -3.09146e+01   -6.33253e+02    5.22126e+02    2.05128e+02
   Total Energy    Temperature Pressure (bar)   Constr. rmsd
    7.27254e+02    2.63863e+02    0.00000e+00    6.03095e-07

           Step           Time
          22000       22.00000

   Energies (kJ/mol)
            U-B    Proper Dih.  Improper Dih.      CMAP Dih.          LJ-14
    1.54170e+02    1.64381e+02    1.59865e+01   -6.37671e+01    4.18936e+01
     Coulomb-14        LJ (SR)   Coulomb (SR)      Potential    Kinetic En.
    8.05848e+02   -3.87098e+01   -6.18398e+02    4.61405e+02    2.01123e+02
   Total Energy    Temperature Pressure (bar)   Constr. rmsd
    6.62528e+02    2.58712e+02    0.00000e+00    5.23922e-07



Received the INT signal, stopping within 20 steps

           Step           Time
          22230       22.23000

Writing checkpoint, step 22230 at Fri Jul 24 19:35:16 2020


   Energies (kJ/mol)
            U-B    Proper Dih.  Improper Dih.      CMAP Dih.          LJ-14
    2.08826e+02    1.51462e+02    1.65514e+01   -5.45091e+01    2.58439e+01
     Coulomb-14        LJ (SR)   Coulomb (SR)      Potential    Kinetic En.
    7.74123e+02   -4.50732e+01   -5.78342e+02    4.98882e+02    2.00821e+02
   Total Energy    Temperature Pressure (bar)   Constr. rmsd
    6.99703e+02    2.58323e+02    0.00000e+00    0.00000e+00

	<======  ###############  ==>
	<====  A V E R A G E S  ====>
	<==  ###############  ======>

	Statistics over 22231 steps using 2224 frames

   Energies (kJ/mol)
            U-B    Proper Dih.  Improper Dih.      CMAP Dih.          LJ-14
    1.75478e+02    1.49367e+02    1.77760e+01   -4.41520e+01    3.47340e+01
     Coulomb-14        LJ (SR)   Coulomb (SR)      Potential    Kinetic En.
    7.92927e+02   -3.80009e+01   -6.17106e+02    4.71022e+02    2.17940e+02
   Total Energy    Temperature Pressure (bar)   Constr. rmsd
    6.88963e+02    2.80344e+02    0.00000e+00    0.00000e+00

   Total Virial (kJ/mol)
    1.07142e+01   -8.73935e+00   -1.27710e+00
   -8.73934e+00    2.16579e+01   -1.04533e+00
   -6.83034e-01   -3.95205e-01    4.09302e+01

   Pressure (bar)
    0.00000e+00    0.00000e+00    0.00000e+00
    0.00000e+00    0.00000e+00    0.00000e+00
    0.00000e+00    0.00000e+00    0.00000e+00


	M E G A - F L O P S   A C C O U N T I N G

 NB=Group-cutoff nonbonded kernels    NxN=N-by-N cluster Verlet kernels
 RF=Reaction-Field  VdW=Van der Waals  QSTab=quadratic-spline table
 W3=SPC/TIP3p  W4=TIP4p (single or pairs)
 V&F=Potential and force  V=Potential only  F=Force only

 Computing:                               M-Number         M-Flops  % Flops
-----------------------------------------------------------------------------
 NB VdW [V&F]                            13.544817          13.545     0.2
 NB VdW [F]                             104.741928         104.742     1.8
 NB VdW & Elec. [V&F]                   276.094902         276.095     4.7
 NB VdW & Elec. [F]                    2080.004778        2080.005    35.4
 1,4 nonbonded interactions               5.068668         456.180     7.8
 NS-Pairs                                 6.627611         139.180     2.4
 CG-CoM                                   0.213504           0.641     0.0
 Propers                                  3.668115         839.998    14.3
 Impropers                                0.444620          92.481     1.6
 Virial                                   0.313584           5.645     0.1
 Update                                   2.134176          66.159     1.1
 Stop-CM                                  0.213600           2.136     0.0
 Calc-Ekin                                0.427008          11.529     0.2
 Lincs                                    4.224080         253.445     4.3
 Lincs-Mat                              119.519232         478.077     8.1
 Constraint-V                             8.447970          67.584     1.1
 Constraint-Vir                           0.211280           5.071     0.1
 CMAP                                     0.177848         302.342     5.1
 Urey-Bradley                             3.734808         683.470    11.6
-----------------------------------------------------------------------------
 Total                                                    5878.323   100.0
-----------------------------------------------------------------------------


     R E A L   C Y C L E   A N D   T I M E   A C C O U N T I N G

On 1 MPI rank

 Computing:          Num   Num      Call    Wall time         Giga-Cycles
                     Ranks Threads  Count      (s)         total sum    %
-----------------------------------------------------------------------------
 Neighbor search        1    1       2224       0.156          0.362   5.4
 Force                  1    1      22231       1.892          4.382  65.1
 Write traj.            1    1         24       0.032          0.075   1.1
 Update                 1    1      44462       0.139          0.323   4.8
 Constraints            1    1      44462       0.457          1.058  15.7
 Rest                                           0.231          0.534   7.9
-----------------------------------------------------------------------------
 Total                                          2.908          6.734 100.0
-----------------------------------------------------------------------------

               Core t (s)   Wall t (s)        (%)
       Time:        2.908        2.908      100.0
                 (ns/day)    (hour/ns)
Performance:      660.531        0.036
Finished mdrun on rank 0 Fri Jul 24 19:35:16 2020
PLUMED:                                               Cycles        Total      Average      Minumum      Maximum
PLUMED:                                                    1     0.963155     0.963155     0.963155     0.963155
PLUMED: 1 Prepare dependencies                         22231     0.007038     0.000000     0.000000     0.000151
PLUMED: 2 Sharing data                                 22231     0.020571     0.000001     0.000001     0.000367
PLUMED: 3 Waiting for data                             22231     0.002902     0.000000     0.000000     0.000089
PLUMED: 4 Calculating (forward loop)                   22231     0.711682     0.000032     0.000025     0.002412
PLUMED: 5 Applying (backward loop)                     22231     0.059562     0.000003     0.000002     0.000315
PLUMED: 6 Update                                       22231     0.009872     0.000000     0.000000     0.002713
